This is ApacheBench, Version 2.3 <$Revision: 1807734 $>
Copyright 1996 Adam Twiss, Zeus Technology Ltd, http://www.zeustech.net/
Licensed to The Apache Software Foundation, http://www.apache.org/

Benchmarking 192.168.253.129 (be patient)


Server Software:
Server Hostname:        192.168.253.129
Server Port:            8888

Document Path:          /
Document Length:        49 bytes

Concurrency Level(并发数):      10500
Time taken for tests(请求的时间):   5.000 seconds
Complete requests(请求的次数):      14666
Failed requests(失败的请求):        0
Non-2xx responses:      14666
Total transferred(总共传输的字节数http头信息):      1642592 bytes
HTML transferred(实际页面传递的字节数):       718634 bytes
Requests per second(每秒多少个请求):    2933.10 [#/sec] (mean)
Time per request(平均每个用户等待多长时间):       3579.828 [ms] (mean)
Time per request(服务器平均用多长时间处理):       0.341 [ms] (mean, across all concurrent requests)
Transfer rate(每秒获取多少数据):          320.81 [Kbytes/sec] received

Connection Times (ms)
              min  mean[+/-sd] median   max
Connect:        0  308 658.4      0    3057
Processing:     1   62 204.5      2    3336
Waiting:        1   61 203.9      2    3336
Total:          1  370 763.6      2    4774

Percentage of the requests served within a certain time (ms)
  50%      2
  66%      4
  75%     50
  80%   1020(80%的用户的请求1020ms内返回)
  90%   1535
  95%   1776
  98%   3046
  99%   3236
 100%   4774 (longest request)
